<?xml version="1.0" encoding="UTF-8"?>
<!-- Generated by org.testng.reporters.JUnitReportReporter -->
<testsuite hostname="LAPTOP-978CN6RD" failures="0" tests="1" name="InitialTest.VerificationOfSignInPage" time="31.876" errors="0" timestamp="2022-06-16T15:07:44 IST" skipped="0">
  <testcase classname="InitialTest.VerificationOfSignInPage" name="SampleMethod" time="31.876"/>
  <system-out/>
</testsuite> <!-- InitialTest.VerificationOfSignInPage -->
